2025-03-07 10:50:10,354 - sensesight - INFO - Server Started
2025-03-07 10:50:33,563 - sensesight - INFO - Default accessed
2025-03-07 10:50:35,956 - sensesight - INFO - Login accessed
2025-03-07 10:50:40,586 - sensesight - INFO - Registration page accessed
2025-03-07 10:50:58,996 - sensesight - INFO - New Admin Created: a
2025-03-07 10:50:59,026 - sensesight - INFO - Login accessed
2025-03-07 10:51:31,711 - sensesight - INFO - Fetch Admin: a@a.a
2025-03-07 10:51:31,778 - sensesight - INFO - Admin Accessed Home a@a.a
2025-03-07 10:51:39,548 - sensesight - INFO - Admin Accessed Home a@a.a
2025-03-07 10:51:47,458 - sensesight - INFO - Admin Accessed About Us a@a.a
2025-03-07 10:51:50,748 - sensesight - INFO - Admin Accessed Home a@a.a
2025-03-07 10:51:54,637 - sensesight - INFO - Login accessed
2025-03-07 10:51:56,811 - sensesight - INFO - Fetch Admin: a@a.a
2025-03-07 10:51:56,819 - sensesight - INFO - Admin Accessed Home a@a.a
2025-03-07 10:52:02,232 - sensesight - INFO - Admin Accessed Home a@a.a
2025-03-07 10:52:14,765 - sensesight - INFO - Admin Accessed Profile Edit a@a.a
2025-03-07 10:52:18,159 - sensesight - INFO - User updated profile: a, a@a.a
2025-03-07 10:52:18,185 - sensesight - INFO - Admin Accessed Home a@a.a
2025-03-07 11:00:07,646 - sensesight - INFO - Server Started
2025-03-07 11:00:17,073 - sensesight - INFO - Admin Accessed Home a@a.a
2025-03-07 11:01:08,354 - sensesight - INFO - Admin Accessed Home a@a.a
2025-03-07 13:03:38,584 - sensesight - INFO - Server Started
2025-03-07 13:03:42,187 - sensesight - INFO - Default accessed
2025-03-07 13:03:48,563 - sensesight - INFO - Login accessed
2025-03-07 13:04:00,781 - sensesight - INFO - Fetch Admin: a@a.a
2025-03-07 13:04:00,812 - sensesight - INFO - Admin Accessed Home a@a.a
2025-03-07 13:04:09,887 - sensesight - INFO - Admin Accessed Home a@a.a
2025-03-07 13:04:14,387 - sensesight - INFO - Admin Accessed About Us a@a.a
2025-03-07 13:04:24,455 - sensesight - INFO - Login accessed
2025-03-07 13:04:26,666 - sensesight - INFO - Fetch Admin: a@a.a
2025-03-07 13:04:26,684 - sensesight - INFO - Admin Accessed Home a@a.a
2025-03-07 13:04:31,873 - sensesight - INFO - Admin Accessed Home a@a.a
2025-03-07 13:04:35,782 - sensesight - INFO - Admin Accessed Profile Edit a@a.a
2025-03-07 13:04:41,375 - sensesight - INFO - User updated profile: a, a@a.a
2025-03-07 13:04:41,399 - sensesight - INFO - Admin Accessed Home a@a.a
2025-03-07 13:04:44,413 - sensesight - INFO - Admin Accessed Profile Edit a@a.a
2025-03-07 13:06:08,243 - sensesight - INFO - Admin Accessed Profile Edit a@a.a
2025-03-07 13:06:12,475 - sensesight - INFO - User updated profile: a, a@a.a
2025-03-07 13:06:12,502 - sensesight - INFO - Admin Accessed Home a@a.a
2025-03-07 13:10:36,848 - sensesight - INFO - Admin Accessed Profile Edit a@a.a
2025-03-07 13:10:41,113 - sensesight - INFO - Admin Accessed Profile Edit a@a.a
2025-03-07 13:10:52,126 - sensesight - INFO - Admin Accessed Profile Edit a@a.a
2025-03-07 13:15:16,164 - sensesight - INFO - Server Started
2025-03-07 13:15:20,861 - sensesight - INFO - Default accessed
2025-03-07 13:15:22,097 - sensesight - INFO - Login accessed
2025-03-07 13:15:23,645 - sensesight - INFO - Fetch Admin: a@a.a
2025-03-07 13:15:23,665 - sensesight - INFO - Admin Accessed Home a@a.a
2025-03-07 13:15:26,689 - sensesight - INFO - Admin Accessed Profile Edit a@a.a
2025-03-07 13:18:51,266 - sensesight - INFO - Server Started
2025-03-07 13:18:56,204 - sensesight - INFO - Default accessed
2025-03-07 13:18:58,078 - sensesight - INFO - Login accessed
2025-03-07 13:18:59,883 - sensesight - INFO - Fetch Admin: a@a.a
2025-03-07 13:18:59,903 - sensesight - INFO - Admin Accessed Home a@a.a
2025-03-07 13:19:03,513 - sensesight - INFO - Admin Accessed Home a@a.a
2025-03-07 13:19:13,515 - sensesight - INFO - Admin Accessed Home a@a.a
2025-03-07 13:19:17,784 - sensesight - INFO - Admin Accessed About Us a@a.a
2025-03-07 13:19:24,782 - sensesight - INFO - Admin Accessed About Us a@a.a
2025-03-07 13:19:28,383 - sensesight - INFO - Admin Accessed Profile Edit a@a.a
2025-03-07 13:24:48,540 - sensesight - INFO - Server Started
2025-03-07 13:24:51,840 - sensesight - INFO - Admin Accessed About Us a@a.a
2025-03-07 13:24:52,146 - sensesight - INFO - Default accessed
2025-03-07 13:24:53,488 - sensesight - INFO - Login accessed
2025-03-07 13:24:56,865 - sensesight - INFO - Fetch Admin: a@a.a
2025-03-07 13:24:56,882 - sensesight - INFO - Admin Accessed Home a@a.a
2025-03-07 13:24:59,578 - sensesight - INFO - Admin Accessed Profile Edit a@a.a
2025-03-07 13:25:00,966 - sensesight - INFO - Admin Accessed Home a@a.a
2025-03-07 13:26:11,675 - sensesight - INFO - Admin Accessed Home a@a.a
2025-03-07 13:27:23,389 - sensesight - INFO - Admin Accessed Home a@a.a
2025-03-07 13:28:09,679 - sensesight - INFO - Server Started
2025-03-07 13:28:13,464 - sensesight - INFO - Default accessed
2025-03-07 13:28:17,336 - sensesight - INFO - Login accessed
2025-03-07 13:28:21,803 - sensesight - INFO - Fetch Admin: a@a.a
2025-03-07 13:28:21,839 - sensesight - INFO - Admin Accessed Home a@a.a
2025-03-07 13:28:29,287 - sensesight - INFO - Admin Accessed Home a@a.a
2025-03-07 13:28:35,175 - sensesight - INFO - Admin Accessed About Us a@a.a
2025-03-07 13:28:37,832 - sensesight - INFO - Admin Accessed Home a@a.a
2025-03-07 13:28:45,815 - sensesight - INFO - Admin Accessed Home a@a.a
2025-03-07 13:28:49,020 - sensesight - INFO - Admin Accessed Profile Edit a@a.a
2025-03-07 13:28:53,404 - sensesight - INFO - User updated profile: a, a@a.a
2025-03-07 13:28:53,420 - sensesight - INFO - Admin Accessed Home a@a.a
2025-03-07 13:28:56,078 - sensesight - INFO - Admin Accessed Profile Edit a@a.a
2025-03-07 13:28:56,951 - sensesight - INFO - Admin Accessed Home a@a.a
2025-03-07 13:28:59,699 - sensesight - INFO - Admin Accessed Profile Edit a@a.a
2025-03-07 13:29:05,284 - sensesight - INFO - User updated profile: ab, a@a.a
2025-03-07 13:29:05,310 - sensesight - INFO - Admin Accessed Home a@a.a
2025-03-07 13:29:15,418 - sensesight - INFO - Login accessed
2025-03-07 13:29:19,366 - sensesight - INFO - Registration page accessed
2025-03-07 13:29:53,531 - sensesight - INFO - New Admin Created: aa
2025-03-07 13:29:53,543 - sensesight - INFO - Login accessed
2025-03-07 13:30:02,978 - sensesight - INFO - Fetch Admin: aa@aa.aa
2025-03-07 13:30:03,003 - sensesight - INFO - Admin Accessed Home aa@aa.aa
2025-03-07 13:34:11,960 - sensesight - INFO - Login accessed
